<?xml version="1.0" encoding="UTF-8"?>
<testsuite xmlns:xsi="http://www.w3.org/2001/XMLSchema-instance" xsi:noNamespaceSchemaLocation="https://maven.apache.org/surefire/maven-surefire-plugin/xsd/surefire-test-report.xsd" version="3.0.2" name="fr._42.spring.ApplicationTests" time="6.072" tests="1" errors="0" skipped="0" failures="0">
  <properties>
    <property name="java.specification.version" value="17"/>
    <property name="sun.jnu.encoding" value="UTF-8"/>
    <property name="java.class.path" value="/home/hkheiri/spring/target/test-classes:/home/hkheiri/spring/target/classes:/home/hkheiri/.m2/repository/org/springframework/boot/spring-boot-starter-data-jpa/3.5.3/spring-boot-starter-data-jpa-3.5.3.jar:/home/hkheiri/.m2/repository/org/springframework/boot/spring-boot-starter/3.5.3/spring-boot-starter-3.5.3.jar:/home/hkheiri/.m2/repository/org/springframework/boot/spring-boot/3.5.3/spring-boot-3.5.3.jar:/home/hkheiri/.m2/repository/org/springframework/boot/spring-boot-autoconfigure/3.5.3/spring-boot-autoconfigure-3.5.3.jar:/home/hkheiri/.m2/repository/org/springframework/boot/spring-boot-starter-logging/3.5.3/spring-boot-starter-logging-3.5.3.jar:/home/hkheiri/.m2/repository/ch/qos/logback/logback-classic/1.5.18/logback-classic-1.5.18.jar:/home/hkheiri/.m2/repository/ch/qos/logback/logback-core/1.5.18/logback-core-1.5.18.jar:/home/hkheiri/.m2/repository/org/apache/logging/log4j/log4j-to-slf4j/2.24.3/log4j-to-slf4j-2.24.3.jar:/home/hkheiri/.m2/repository/org/apache/logging/log4j/log4j-api/2.24.3/log4j-api-2.24.3.jar:/home/hkheiri/.m2/repository/org/slf4j/jul-to-slf4j/2.0.17/jul-to-slf4j-2.0.17.jar:/home/hkheiri/.m2/repository/jakarta/annotation/jakarta.annotation-api/2.1.1/jakarta.annotation-api-2.1.1.jar:/home/hkheiri/.m2/repository/org/yaml/snakeyaml/2.4/snakeyaml-2.4.jar:/home/hkheiri/.m2/repository/org/springframework/boot/spring-boot-starter-jdbc/3.5.3/spring-boot-starter-jdbc-3.5.3.jar:/home/hkheiri/.m2/repository/com/zaxxer/HikariCP/6.3.0/HikariCP-6.3.0.jar:/home/hkheiri/.m2/repository/org/springframework/spring-jdbc/6.2.8/spring-jdbc-6.2.8.jar:/home/hkheiri/.m2/repository/org/hibernate/orm/hibernate-core/6.6.18.Final/hibernate-core-6.6.18.Final.jar:/home/hkheiri/.m2/repository/jakarta/persistence/jakarta.persistence-api/3.1.0/jakarta.persistence-api-3.1.0.jar:/home/hkheiri/.m2/repository/jakarta/transaction/jakarta.transaction-api/2.0.1/jakarta.transaction-api-2.0.1.jar:/home/hkheiri/.m2/repository/org/jboss/logging/jboss-logging/3.6.1.Final/jboss-logging-3.6.1.Final.jar:/home/hkheiri/.m2/repository/org/hibernate/common/hibernate-commons-annotations/7.0.3.Final/hibernate-commons-annotations-7.0.3.Final.jar:/home/hkheiri/.m2/repository/io/smallrye/jandex/3.2.0/jandex-3.2.0.jar:/home/hkheiri/.m2/repository/com/fasterxml/classmate/1.7.0/classmate-1.7.0.jar:/home/hkheiri/.m2/repository/net/bytebuddy/byte-buddy/1.17.6/byte-buddy-1.17.6.jar:/home/hkheiri/.m2/repository/org/glassfish/jaxb/jaxb-runtime/4.0.5/jaxb-runtime-4.0.5.jar:/home/hkheiri/.m2/repository/org/glassfish/jaxb/jaxb-core/4.0.5/jaxb-core-4.0.5.jar:/home/hkheiri/.m2/repository/org/eclipse/angus/angus-activation/2.0.2/angus-activation-2.0.2.jar:/home/hkheiri/.m2/repository/org/glassfish/jaxb/txw2/4.0.5/txw2-4.0.5.jar:/home/hkheiri/.m2/repository/com/sun/istack/istack-commons-runtime/4.1.2/istack-commons-runtime-4.1.2.jar:/home/hkheiri/.m2/repository/jakarta/inject/jakarta.inject-api/2.0.1/jakarta.inject-api-2.0.1.jar:/home/hkheiri/.m2/repository/org/antlr/antlr4-runtime/4.13.0/antlr4-runtime-4.13.0.jar:/home/hkheiri/.m2/repository/org/springframework/data/spring-data-jpa/3.5.1/spring-data-jpa-3.5.1.jar:/home/hkheiri/.m2/repository/org/springframework/data/spring-data-commons/3.5.1/spring-data-commons-3.5.1.jar:/home/hkheiri/.m2/repository/org/springframework/spring-orm/6.2.8/spring-orm-6.2.8.jar:/home/hkheiri/.m2/repository/org/springframework/spring-context/6.2.8/spring-context-6.2.8.jar:/home/hkheiri/.m2/repository/org/springframework/spring-tx/6.2.8/spring-tx-6.2.8.jar:/home/hkheiri/.m2/repository/org/springframework/spring-beans/6.2.8/spring-beans-6.2.8.jar:/home/hkheiri/.m2/repository/org/springframework/spring-aspects/6.2.8/spring-aspects-6.2.8.jar:/home/hkheiri/.m2/repository/org/aspectj/aspectjweaver/1.9.24/aspectjweaver-1.9.24.jar:/home/hkheiri/.m2/repository/org/springframework/boot/spring-boot-starter-freemarker/3.5.3/spring-boot-starter-freemarker-3.5.3.jar:/home/hkheiri/.m2/repository/org/freemarker/freemarker/2.3.34/freemarker-2.3.34.jar:/home/hkheiri/.m2/repository/org/springframework/spring-context-support/6.2.8/spring-context-support-6.2.8.jar:/home/hkheiri/.m2/repository/org/springframework/boot/spring-boot-starter-security/3.5.3/spring-boot-starter-security-3.5.3.jar:/home/hkheiri/.m2/repository/org/springframework/spring-aop/6.2.8/spring-aop-6.2.8.jar:/home/hkheiri/.m2/repository/org/springframework/security/spring-security-config/6.5.1/spring-security-config-6.5.1.jar:/home/hkheiri/.m2/repository/org/springframework/security/spring-security-web/6.5.1/spring-security-web-6.5.1.jar:/home/hkheiri/.m2/repository/org/springframework/spring-expression/6.2.8/spring-expression-6.2.8.jar:/home/hkheiri/.m2/repository/org/springframework/boot/spring-boot-starter-web/3.5.3/spring-boot-starter-web-3.5.3.jar:/home/hkheiri/.m2/repository/org/springframework/boot/spring-boot-starter-json/3.5.3/spring-boot-starter-json-3.5.3.jar:/home/hkheiri/.m2/repository/com/fasterxml/jackson/core/jackson-databind/2.19.1/jackson-databind-2.19.1.jar:/home/hkheiri/.m2/repository/com/fasterxml/jackson/core/jackson-annotations/2.19.1/jackson-annotations-2.19.1.jar:/home/hkheiri/.m2/repository/com/fasterxml/jackson/core/jackson-core/2.19.1/jackson-core-2.19.1.jar:/home/hkheiri/.m2/repository/com/fasterxml/jackson/datatype/jackson-datatype-jdk8/2.19.1/jackson-datatype-jdk8-2.19.1.jar:/home/hkheiri/.m2/repository/com/fasterxml/jackson/datatype/jackson-datatype-jsr310/2.19.1/jackson-datatype-jsr310-2.19.1.jar:/home/hkheiri/.m2/repository/com/fasterxml/jackson/module/jackson-module-parameter-names/2.19.1/jackson-module-parameter-names-2.19.1.jar:/home/hkheiri/.m2/repository/org/springframework/boot/spring-boot-starter-tomcat/3.5.3/spring-boot-starter-tomcat-3.5.3.jar:/home/hkheiri/.m2/repository/org/apache/tomcat/embed/tomcat-embed-core/10.1.42/tomcat-embed-core-10.1.42.jar:/home/hkheiri/.m2/repository/org/apache/tomcat/embed/tomcat-embed-el/10.1.42/tomcat-embed-el-10.1.42.jar:/home/hkheiri/.m2/repository/org/apache/tomcat/embed/tomcat-embed-websocket/10.1.42/tomcat-embed-websocket-10.1.42.jar:/home/hkheiri/.m2/repository/org/springframework/spring-web/6.2.8/spring-web-6.2.8.jar:/home/hkheiri/.m2/repository/io/micrometer/micrometer-observation/1.15.1/micrometer-observation-1.15.1.jar:/home/hkheiri/.m2/repository/io/micrometer/micrometer-commons/1.15.1/micrometer-commons-1.15.1.jar:/home/hkheiri/.m2/repository/org/springframework/spring-webmvc/6.2.8/spring-webmvc-6.2.8.jar:/home/hkheiri/.m2/repository/org/postgresql/postgresql/42.7.7/postgresql-42.7.7.jar:/home/hkheiri/.m2/repository/org/checkerframework/checker-qual/3.49.3/checker-qual-3.49.3.jar:/home/hkheiri/.m2/repository/org/projectlombok/lombok/1.18.38/lombok-1.18.38.jar:/home/hkheiri/.m2/repository/org/springframework/boot/spring-boot-starter-test/3.5.3/spring-boot-starter-test-3.5.3.jar:/home/hkheiri/.m2/repository/org/springframework/boot/spring-boot-test/3.5.3/spring-boot-test-3.5.3.jar:/home/hkheiri/.m2/repository/org/springframework/boot/spring-boot-test-autoconfigure/3.5.3/spring-boot-test-autoconfigure-3.5.3.jar:/home/hkheiri/.m2/repository/com/jayway/jsonpath/json-path/2.9.0/json-path-2.9.0.jar:/home/hkheiri/.m2/repository/jakarta/xml/bind/jakarta.xml.bind-api/4.0.2/jakarta.xml.bind-api-4.0.2.jar:/home/hkheiri/.m2/repository/jakarta/activation/jakarta.activation-api/2.1.3/jakarta.activation-api-2.1.3.jar:/home/hkheiri/.m2/repository/net/minidev/json-smart/2.5.2/json-smart-2.5.2.jar:/home/hkheiri/.m2/repository/net/minidev/accessors-smart/2.5.2/accessors-smart-2.5.2.jar:/home/hkheiri/.m2/repository/org/ow2/asm/asm/9.7.1/asm-9.7.1.jar:/home/hkheiri/.m2/repository/org/assertj/assertj-core/3.27.3/assertj-core-3.27.3.jar:/home/hkheiri/.m2/repository/org/awaitility/awaitility/4.2.2/awaitility-4.2.2.jar:/home/hkheiri/.m2/repository/org/hamcrest/hamcrest/3.0/hamcrest-3.0.jar:/home/hkheiri/.m2/repository/org/junit/jupiter/junit-jupiter/5.12.2/junit-jupiter-5.12.2.jar:/home/hkheiri/.m2/repository/org/junit/jupiter/junit-jupiter-api/5.12.2/junit-jupiter-api-5.12.2.jar:/home/hkheiri/.m2/repository/org/opentest4j/opentest4j/1.3.0/opentest4j-1.3.0.jar:/home/hkheiri/.m2/repository/org/junit/platform/junit-platform-commons/1.12.2/junit-platform-commons-1.12.2.jar:/home/hkheiri/.m2/repository/org/apiguardian/apiguardian-api/1.1.2/apiguardian-api-1.1.2.jar:/home/hkheiri/.m2/repository/org/junit/jupiter/junit-jupiter-params/5.12.2/junit-jupiter-params-5.12.2.jar:/home/hkheiri/.m2/repository/org/junit/jupiter/junit-jupiter-engine/5.12.2/junit-jupiter-engine-5.12.2.jar:/home/hkheiri/.m2/repository/org/junit/platform/junit-platform-engine/1.12.2/junit-platform-engine-1.12.2.jar:/home/hkheiri/.m2/repository/org/mockito/mockito-core/5.17.0/mockito-core-5.17.0.jar:/home/hkheiri/.m2/repository/net/bytebuddy/byte-buddy-agent/1.17.6/byte-buddy-agent-1.17.6.jar:/home/hkheiri/.m2/repository/org/objenesis/objenesis/3.3/objenesis-3.3.jar:/home/hkheiri/.m2/repository/org/mockito/mockito-junit-jupiter/5.17.0/mockito-junit-jupiter-5.17.0.jar:/home/hkheiri/.m2/repository/org/skyscreamer/jsonassert/1.5.3/jsonassert-1.5.3.jar:/home/hkheiri/.m2/repository/com/vaadin/external/google/android-json/0.0.20131108.vaadin1/android-json-0.0.20131108.vaadin1.jar:/home/hkheiri/.m2/repository/org/springframework/spring-core/6.2.8/spring-core-6.2.8.jar:/home/hkheiri/.m2/repository/org/springframework/spring-jcl/6.2.8/spring-jcl-6.2.8.jar:/home/hkheiri/.m2/repository/org/springframework/spring-test/6.2.8/spring-test-6.2.8.jar:/home/hkheiri/.m2/repository/org/xmlunit/xmlunit-core/2.10.2/xmlunit-core-2.10.2.jar:/home/hkheiri/.m2/repository/org/springframework/security/spring-security-test/6.5.1/spring-security-test-6.5.1.jar:/home/hkheiri/.m2/repository/org/springframework/security/spring-security-core/6.5.1/spring-security-core-6.5.1.jar:/home/hkheiri/.m2/repository/org/springframework/security/spring-security-crypto/6.5.1/spring-security-crypto-6.5.1.jar:/home/hkheiri/.m2/repository/org/testng/testng/7.11.0/testng-7.11.0.jar:/home/hkheiri/.m2/repository/org/slf4j/slf4j-api/2.0.17/slf4j-api-2.0.17.jar:/home/hkheiri/.m2/repository/org/jcommander/jcommander/1.83/jcommander-1.83.jar:/home/hkheiri/.m2/repository/org/webjars/jquery/3.7.1/jquery-3.7.1.jar:/home/hkheiri/.m2/repository/org/springframework/boot/spring-boot-starter-websocket/3.5.3/spring-boot-starter-websocket-3.5.3.jar:/home/hkheiri/.m2/repository/org/springframework/spring-messaging/6.2.8/spring-messaging-6.2.8.jar:/home/hkheiri/.m2/repository/org/springframework/spring-websocket/6.2.8/spring-websocket-6.2.8.jar:"/>
    <property name="java.vm.vendor" value="Ubuntu"/>
    <property name="sun.arch.data.model" value="64"/>
    <property name="java.vendor.url" value="https://ubuntu.com/"/>
    <property name="user.timezone" value="Africa/Casablanca"/>
    <property name="org.jboss.logging.provider" value="slf4j"/>
    <property name="os.name" value="Linux"/>
    <property name="java.vm.specification.version" value="17"/>
    <property name="APPLICATION_NAME" value="spring"/>
    <property name="sun.java.launcher" value="SUN_STANDARD"/>
    <property name="sun.boot.library.path" value="/usr/lib/jvm/java-17-openjdk-amd64/lib"/>
    <property name="sun.java.command" value="/home/hkheiri/spring/target/surefire/surefirebooter-20250727185227316_3.jar /home/hkheiri/spring/target/surefire 2025-07-27T18-52-27_219-jvmRun1 surefire-20250727185227316_1tmp surefire_0-20250727185227316_2tmp"/>
    <property name="jdk.debug" value="release"/>
    <property name="surefire.test.class.path" value="/home/hkheiri/spring/target/test-classes:/home/hkheiri/spring/target/classes:/home/hkheiri/.m2/repository/org/springframework/boot/spring-boot-starter-data-jpa/3.5.3/spring-boot-starter-data-jpa-3.5.3.jar:/home/hkheiri/.m2/repository/org/springframework/boot/spring-boot-starter/3.5.3/spring-boot-starter-3.5.3.jar:/home/hkheiri/.m2/repository/org/springframework/boot/spring-boot/3.5.3/spring-boot-3.5.3.jar:/home/hkheiri/.m2/repository/org/springframework/boot/spring-boot-autoconfigure/3.5.3/spring-boot-autoconfigure-3.5.3.jar:/home/hkheiri/.m2/repository/org/springframework/boot/spring-boot-starter-logging/3.5.3/spring-boot-starter-logging-3.5.3.jar:/home/hkheiri/.m2/repository/ch/qos/logback/logback-classic/1.5.18/logback-classic-1.5.18.jar:/home/hkheiri/.m2/repository/ch/qos/logback/logback-core/1.5.18/logback-core-1.5.18.jar:/home/hkheiri/.m2/repository/org/apache/logging/log4j/log4j-to-slf4j/2.24.3/log4j-to-slf4j-2.24.3.jar:/home/hkheiri/.m2/repository/org/apache/logging/log4j/log4j-api/2.24.3/log4j-api-2.24.3.jar:/home/hkheiri/.m2/repository/org/slf4j/jul-to-slf4j/2.0.17/jul-to-slf4j-2.0.17.jar:/home/hkheiri/.m2/repository/jakarta/annotation/jakarta.annotation-api/2.1.1/jakarta.annotation-api-2.1.1.jar:/home/hkheiri/.m2/repository/org/yaml/snakeyaml/2.4/snakeyaml-2.4.jar:/home/hkheiri/.m2/repository/org/springframework/boot/spring-boot-starter-jdbc/3.5.3/spring-boot-starter-jdbc-3.5.3.jar:/home/hkheiri/.m2/repository/com/zaxxer/HikariCP/6.3.0/HikariCP-6.3.0.jar:/home/hkheiri/.m2/repository/org/springframework/spring-jdbc/6.2.8/spring-jdbc-6.2.8.jar:/home/hkheiri/.m2/repository/org/hibernate/orm/hibernate-core/6.6.18.Final/hibernate-core-6.6.18.Final.jar:/home/hkheiri/.m2/repository/jakarta/persistence/jakarta.persistence-api/3.1.0/jakarta.persistence-api-3.1.0.jar:/home/hkheiri/.m2/repository/jakarta/transaction/jakarta.transaction-api/2.0.1/jakarta.transaction-api-2.0.1.jar:/home/hkheiri/.m2/repository/org/jboss/logging/jboss-logging/3.6.1.Final/jboss-logging-3.6.1.Final.jar:/home/hkheiri/.m2/repository/org/hibernate/common/hibernate-commons-annotations/7.0.3.Final/hibernate-commons-annotations-7.0.3.Final.jar:/home/hkheiri/.m2/repository/io/smallrye/jandex/3.2.0/jandex-3.2.0.jar:/home/hkheiri/.m2/repository/com/fasterxml/classmate/1.7.0/classmate-1.7.0.jar:/home/hkheiri/.m2/repository/net/bytebuddy/byte-buddy/1.17.6/byte-buddy-1.17.6.jar:/home/hkheiri/.m2/repository/org/glassfish/jaxb/jaxb-runtime/4.0.5/jaxb-runtime-4.0.5.jar:/home/hkheiri/.m2/repository/org/glassfish/jaxb/jaxb-core/4.0.5/jaxb-core-4.0.5.jar:/home/hkheiri/.m2/repository/org/eclipse/angus/angus-activation/2.0.2/angus-activation-2.0.2.jar:/home/hkheiri/.m2/repository/org/glassfish/jaxb/txw2/4.0.5/txw2-4.0.5.jar:/home/hkheiri/.m2/repository/com/sun/istack/istack-commons-runtime/4.1.2/istack-commons-runtime-4.1.2.jar:/home/hkheiri/.m2/repository/jakarta/inject/jakarta.inject-api/2.0.1/jakarta.inject-api-2.0.1.jar:/home/hkheiri/.m2/repository/org/antlr/antlr4-runtime/4.13.0/antlr4-runtime-4.13.0.jar:/home/hkheiri/.m2/repository/org/springframework/data/spring-data-jpa/3.5.1/spring-data-jpa-3.5.1.jar:/home/hkheiri/.m2/repository/org/springframework/data/spring-data-commons/3.5.1/spring-data-commons-3.5.1.jar:/home/hkheiri/.m2/repository/org/springframework/spring-orm/6.2.8/spring-orm-6.2.8.jar:/home/hkheiri/.m2/repository/org/springframework/spring-context/6.2.8/spring-context-6.2.8.jar:/home/hkheiri/.m2/repository/org/springframework/spring-tx/6.2.8/spring-tx-6.2.8.jar:/home/hkheiri/.m2/repository/org/springframework/spring-beans/6.2.8/spring-beans-6.2.8.jar:/home/hkheiri/.m2/repository/org/springframework/spring-aspects/6.2.8/spring-aspects-6.2.8.jar:/home/hkheiri/.m2/repository/org/aspectj/aspectjweaver/1.9.24/aspectjweaver-1.9.24.jar:/home/hkheiri/.m2/repository/org/springframework/boot/spring-boot-starter-freemarker/3.5.3/spring-boot-starter-freemarker-3.5.3.jar:/home/hkheiri/.m2/repository/org/freemarker/freemarker/2.3.34/freemarker-2.3.34.jar:/home/hkheiri/.m2/repository/org/springframework/spring-context-support/6.2.8/spring-context-support-6.2.8.jar:/home/hkheiri/.m2/repository/org/springframework/boot/spring-boot-starter-security/3.5.3/spring-boot-starter-security-3.5.3.jar:/home/hkheiri/.m2/repository/org/springframework/spring-aop/6.2.8/spring-aop-6.2.8.jar:/home/hkheiri/.m2/repository/org/springframework/security/spring-security-config/6.5.1/spring-security-config-6.5.1.jar:/home/hkheiri/.m2/repository/org/springframework/security/spring-security-web/6.5.1/spring-security-web-6.5.1.jar:/home/hkheiri/.m2/repository/org/springframework/spring-expression/6.2.8/spring-expression-6.2.8.jar:/home/hkheiri/.m2/repository/org/springframework/boot/spring-boot-starter-web/3.5.3/spring-boot-starter-web-3.5.3.jar:/home/hkheiri/.m2/repository/org/springframework/boot/spring-boot-starter-json/3.5.3/spring-boot-starter-json-3.5.3.jar:/home/hkheiri/.m2/repository/com/fasterxml/jackson/core/jackson-databind/2.19.1/jackson-databind-2.19.1.jar:/home/hkheiri/.m2/repository/com/fasterxml/jackson/core/jackson-annotations/2.19.1/jackson-annotations-2.19.1.jar:/home/hkheiri/.m2/repository/com/fasterxml/jackson/core/jackson-core/2.19.1/jackson-core-2.19.1.jar:/home/hkheiri/.m2/repository/com/fasterxml/jackson/datatype/jackson-datatype-jdk8/2.19.1/jackson-datatype-jdk8-2.19.1.jar:/home/hkheiri/.m2/repository/com/fasterxml/jackson/datatype/jackson-datatype-jsr310/2.19.1/jackson-datatype-jsr310-2.19.1.jar:/home/hkheiri/.m2/repository/com/fasterxml/jackson/module/jackson-module-parameter-names/2.19.1/jackson-module-parameter-names-2.19.1.jar:/home/hkheiri/.m2/repository/org/springframework/boot/spring-boot-starter-tomcat/3.5.3/spring-boot-starter-tomcat-3.5.3.jar:/home/hkheiri/.m2/repository/org/apache/tomcat/embed/tomcat-embed-core/10.1.42/tomcat-embed-core-10.1.42.jar:/home/hkheiri/.m2/repository/org/apache/tomcat/embed/tomcat-embed-el/10.1.42/tomcat-embed-el-10.1.42.jar:/home/hkheiri/.m2/repository/org/apache/tomcat/embed/tomcat-embed-websocket/10.1.42/tomcat-embed-websocket-10.1.42.jar:/home/hkheiri/.m2/repository/org/springframework/spring-web/6.2.8/spring-web-6.2.8.jar:/home/hkheiri/.m2/repository/io/micrometer/micrometer-observation/1.15.1/micrometer-observation-1.15.1.jar:/home/hkheiri/.m2/repository/io/micrometer/micrometer-commons/1.15.1/micrometer-commons-1.15.1.jar:/home/hkheiri/.m2/repository/org/springframework/spring-webmvc/6.2.8/spring-webmvc-6.2.8.jar:/home/hkheiri/.m2/repository/org/postgresql/postgresql/42.7.7/postgresql-42.7.7.jar:/home/hkheiri/.m2/repository/org/checkerframework/checker-qual/3.49.3/checker-qual-3.49.3.jar:/home/hkheiri/.m2/repository/org/projectlombok/lombok/1.18.38/lombok-1.18.38.jar:/home/hkheiri/.m2/repository/org/springframework/boot/spring-boot-starter-test/3.5.3/spring-boot-starter-test-3.5.3.jar:/home/hkheiri/.m2/repository/org/springframework/boot/spring-boot-test/3.5.3/spring-boot-test-3.5.3.jar:/home/hkheiri/.m2/repository/org/springframework/boot/spring-boot-test-autoconfigure/3.5.3/spring-boot-test-autoconfigure-3.5.3.jar:/home/hkheiri/.m2/repository/com/jayway/jsonpath/json-path/2.9.0/json-path-2.9.0.jar:/home/hkheiri/.m2/repository/jakarta/xml/bind/jakarta.xml.bind-api/4.0.2/jakarta.xml.bind-api-4.0.2.jar:/home/hkheiri/.m2/repository/jakarta/activation/jakarta.activation-api/2.1.3/jakarta.activation-api-2.1.3.jar:/home/hkheiri/.m2/repository/net/minidev/json-smart/2.5.2/json-smart-2.5.2.jar:/home/hkheiri/.m2/repository/net/minidev/accessors-smart/2.5.2/accessors-smart-2.5.2.jar:/home/hkheiri/.m2/repository/org/ow2/asm/asm/9.7.1/asm-9.7.1.jar:/home/hkheiri/.m2/repository/org/assertj/assertj-core/3.27.3/assertj-core-3.27.3.jar:/home/hkheiri/.m2/repository/org/awaitility/awaitility/4.2.2/awaitility-4.2.2.jar:/home/hkheiri/.m2/repository/org/hamcrest/hamcrest/3.0/hamcrest-3.0.jar:/home/hkheiri/.m2/repository/org/junit/jupiter/junit-jupiter/5.12.2/junit-jupiter-5.12.2.jar:/home/hkheiri/.m2/repository/org/junit/jupiter/junit-jupiter-api/5.12.2/junit-jupiter-api-5.12.2.jar:/home/hkheiri/.m2/repository/org/opentest4j/opentest4j/1.3.0/opentest4j-1.3.0.jar:/home/hkheiri/.m2/repository/org/junit/platform/junit-platform-commons/1.12.2/junit-platform-commons-1.12.2.jar:/home/hkheiri/.m2/repository/org/apiguardian/apiguardian-api/1.1.2/apiguardian-api-1.1.2.jar:/home/hkheiri/.m2/repository/org/junit/jupiter/junit-jupiter-params/5.12.2/junit-jupiter-params-5.12.2.jar:/home/hkheiri/.m2/repository/org/junit/jupiter/junit-jupiter-engine/5.12.2/junit-jupiter-engine-5.12.2.jar:/home/hkheiri/.m2/repository/org/junit/platform/junit-platform-engine/1.12.2/junit-platform-engine-1.12.2.jar:/home/hkheiri/.m2/repository/org/mockito/mockito-core/5.17.0/mockito-core-5.17.0.jar:/home/hkheiri/.m2/repository/net/bytebuddy/byte-buddy-agent/1.17.6/byte-buddy-agent-1.17.6.jar:/home/hkheiri/.m2/repository/org/objenesis/objenesis/3.3/objenesis-3.3.jar:/home/hkheiri/.m2/repository/org/mockito/mockito-junit-jupiter/5.17.0/mockito-junit-jupiter-5.17.0.jar:/home/hkheiri/.m2/repository/org/skyscreamer/jsonassert/1.5.3/jsonassert-1.5.3.jar:/home/hkheiri/.m2/repository/com/vaadin/external/google/android-json/0.0.20131108.vaadin1/android-json-0.0.20131108.vaadin1.jar:/home/hkheiri/.m2/repository/org/springframework/spring-core/6.2.8/spring-core-6.2.8.jar:/home/hkheiri/.m2/repository/org/springframework/spring-jcl/6.2.8/spring-jcl-6.2.8.jar:/home/hkheiri/.m2/repository/org/springframework/spring-test/6.2.8/spring-test-6.2.8.jar:/home/hkheiri/.m2/repository/org/xmlunit/xmlunit-core/2.10.2/xmlunit-core-2.10.2.jar:/home/hkheiri/.m2/repository/org/springframework/security/spring-security-test/6.5.1/spring-security-test-6.5.1.jar:/home/hkheiri/.m2/repository/org/springframework/security/spring-security-core/6.5.1/spring-security-core-6.5.1.jar:/home/hkheiri/.m2/repository/org/springframework/security/spring-security-crypto/6.5.1/spring-security-crypto-6.5.1.jar:/home/hkheiri/.m2/repository/org/testng/testng/7.11.0/testng-7.11.0.jar:/home/hkheiri/.m2/repository/org/slf4j/slf4j-api/2.0.17/slf4j-api-2.0.17.jar:/home/hkheiri/.m2/repository/org/jcommander/jcommander/1.83/jcommander-1.83.jar:/home/hkheiri/.m2/repository/org/webjars/jquery/3.7.1/jquery-3.7.1.jar:/home/hkheiri/.m2/repository/org/springframework/boot/spring-boot-starter-websocket/3.5.3/spring-boot-starter-websocket-3.5.3.jar:/home/hkheiri/.m2/repository/org/springframework/spring-messaging/6.2.8/spring-messaging-6.2.8.jar:/home/hkheiri/.m2/repository/org/springframework/spring-websocket/6.2.8/spring-websocket-6.2.8.jar:"/>
    <property name="sun.cpu.endian" value="little"/>
    <property name="user.home" value="/home/hkheiri"/>
    <property name="user.language" value="en"/>
    <property name="java.specification.vendor" value="Oracle Corporation"/>
    <property name="java.version.date" value="2025-04-15"/>
    <property name="java.home" value="/usr/lib/jvm/java-17-openjdk-amd64"/>
    <property name="file.separator" value="/"/>
    <property name="basedir" value="/home/hkheiri/spring"/>
    <property name="java.vm.compressedOopsMode" value="Zero based"/>
    <property name="line.separator" value="&#10;"/>
    <property name="java.specification.name" value="Java Platform API Specification"/>
    <property name="java.vm.specification.vendor" value="Oracle Corporation"/>
    <property name="FILE_LOG_CHARSET" value="UTF-8"/>
    <property name="java.awt.headless" value="true"/>
    <property name="surefire.real.class.path" value="/home/hkheiri/spring/target/surefire/surefirebooter-20250727185227316_3.jar"/>
    <property name="sun.management.compiler" value="HotSpot 64-Bit Tiered Compilers"/>
    <property name="java.runtime.version" value="17.0.15+6-Ubuntu-0ubuntu122.04"/>
    <property name="user.name" value="hkheiri"/>
    <property name="path.separator" value=":"/>
    <property name="os.version" value="5.15.167.4-microsoft-standard-WSL2"/>
    <property name="java.runtime.name" value="OpenJDK Runtime Environment"/>
    <property name="file.encoding" value="UTF-8"/>
    <property name="java.vm.name" value="OpenJDK 64-Bit Server VM"/>
    <property name="localRepository" value="/home/hkheiri/.m2/repository"/>
    <property name="java.vendor.url.bug" value="https://bugs.launchpad.net/ubuntu/+source/openjdk-17"/>
    <property name="java.io.tmpdir" value="/tmp"/>
    <property name="com.zaxxer.hikari.pool_number" value="1"/>
    <property name="java.version" value="17.0.15"/>
    <property name="user.dir" value="/home/hkheiri/spring"/>
    <property name="os.arch" value="amd64"/>
    <property name="java.vm.specification.name" value="Java Virtual Machine Specification"/>
    <property name="PID" value="44829"/>
    <property name="CONSOLE_LOG_CHARSET" value="UTF-8"/>
    <property name="native.encoding" value="UTF-8"/>
    <property name="java.library.path" value="/usr/java/packages/lib:/usr/lib/x86_64-linux-gnu/jni:/lib/x86_64-linux-gnu:/usr/lib/x86_64-linux-gnu:/usr/lib/jni:/lib:/usr/lib"/>
    <property name="java.vm.info" value="mixed mode, sharing"/>
    <property name="java.vendor" value="Ubuntu"/>
    <property name="java.vm.version" value="17.0.15+6-Ubuntu-0ubuntu122.04"/>
    <property name="java.specification.maintenance.version" value="1"/>
    <property name="sun.io.unicode.encoding" value="UnicodeLittle"/>
    <property name="java.class.version" value="61.0"/>
    <property name="LOGGED_APPLICATION_NAME" value="[spring] "/>
  </properties>
  <testcase name="contextLoads" classname="fr._42.spring.ApplicationTests" time="0.334">
    <system-out><![CDATA[18:52:28.539 [main] INFO org.springframework.test.context.support.AnnotationConfigContextLoaderUtils -- Could not detect default configuration classes for test class [fr._42.spring.ApplicationTests]: ApplicationTests does not declare any static, non-private, non-final, nested classes annotated with @Configuration.
18:52:28.652 [main] INFO org.springframework.boot.test.context.SpringBootTestContextBootstrapper -- Found @SpringBootConfiguration fr._42.spring.Application for test class fr._42.spring.ApplicationTests

  .   ____          _            __ _ _
 /\\ / ___'_ __ _ _(_)_ __  __ _ \ \ \ \
( ( )\___ | '_ | '_| | '_ \/ _` | \ \ \ \
 \\/  ___)| |_)| | | | | || (_| |  ) ) ) )
  '  |____| .__|_| |_|_| |_\__, | / / / /
 =========|_|==============|___/=/_/_/_/

 :: Spring Boot ::                (v3.5.3)

2025-07-27T18:52:29.068+01:00  INFO 44829 --- [spring] [           main] fr._42.spring.ApplicationTests           : Starting ApplicationTests using Java 17.0.15 with PID 44829 (started by hkheiri in /home/hkheiri/spring)
2025-07-27T18:52:29.069+01:00  INFO 44829 --- [spring] [           main] fr._42.spring.ApplicationTests           : No active profile set, falling back to 1 default profile: "default"
2025-07-27T18:52:29.741+01:00  INFO 44829 --- [spring] [           main] .s.d.r.c.RepositoryConfigurationDelegate : Bootstrapping Spring Data JPA repositories in DEFAULT mode.
2025-07-27T18:52:29.810+01:00  INFO 44829 --- [spring] [           main] .s.d.r.c.RepositoryConfigurationDelegate : Finished Spring Data repository scanning in 58 ms. Found 7 JPA repository interfaces.
2025-07-27T18:52:30.262+01:00  INFO 44829 --- [spring] [           main] o.hibernate.jpa.internal.util.LogHelper  : HHH000204: Processing PersistenceUnitInfo [name: default]
2025-07-27T18:52:30.339+01:00  INFO 44829 --- [spring] [           main] org.hibernate.Version                    : HHH000412: Hibernate ORM core version 6.6.18.Final
2025-07-27T18:52:30.384+01:00  INFO 44829 --- [spring] [           main] o.h.c.internal.RegionFactoryInitiator    : HHH000026: Second-level cache disabled
2025-07-27T18:52:30.725+01:00  INFO 44829 --- [spring] [           main] o.s.o.j.p.SpringPersistenceUnitInfo      : No LoadTimeWeaver setup: ignoring JPA class transformer
2025-07-27T18:52:30.762+01:00  INFO 44829 --- [spring] [           main] com.zaxxer.hikari.HikariDataSource       : HikariPool-1 - Starting...
2025-07-27T18:52:30.941+01:00  INFO 44829 --- [spring] [           main] com.zaxxer.hikari.pool.HikariPool        : HikariPool-1 - Added connection org.postgresql.jdbc.PgConnection@60c98f25
2025-07-27T18:52:30.942+01:00  INFO 44829 --- [spring] [           main] com.zaxxer.hikari.HikariDataSource       : HikariPool-1 - Start completed.
2025-07-27T18:52:31.010+01:00  INFO 44829 --- [spring] [           main] org.hibernate.orm.connections.pooling    : HHH10001005: Database info:
	Database JDBC URL [Connecting through datasource 'HikariDataSource (HikariPool-1)']
	Database driver: undefined/unknown
	Database version: 17.0
	Autocommit mode: undefined/unknown
	Isolation level: undefined/unknown
	Minimum pool size: undefined/unknown
	Maximum pool size: undefined/unknown
2025-07-27T18:52:31.933+01:00  INFO 44829 --- [spring] [           main] o.h.e.t.j.p.i.JtaPlatformInitiator       : HHH000489: No JTA platform available (set 'hibernate.transaction.jta.platform' to enable JTA platform integration)
Hibernate: alter table if exists chat_messages add column sender_first_name varchar(255)
2025-07-27T18:52:32.057+01:00  INFO 44829 --- [spring] [           main] j.LocalContainerEntityManagerFactoryBean : Initialized JPA EntityManagerFactory for persistence unit 'default'
2025-07-27T18:52:32.388+01:00  INFO 44829 --- [spring] [           main] o.s.d.j.r.query.QueryEnhancerFactory     : Hibernate is in classpath; If applicable, HQL parser will be used.
2025-07-27T18:52:33.420+01:00  WARN 44829 --- [spring] [           main] JpaBaseConfiguration$JpaWebConfiguration : spring.jpa.open-in-view is enabled by default. Therefore, database queries may be performed during view rendering. Explicitly configure spring.jpa.open-in-view to disable this warning
2025-07-27T18:52:33.621+01:00  INFO 44829 --- [spring] [           main] r$InitializeUserDetailsManagerConfigurer : Global AuthenticationManager configured with UserDetailsService bean with name customUserDetailsService
2025-07-27T18:52:34.059+01:00  INFO 44829 --- [spring] [           main] o.s.m.s.b.SimpleBrokerMessageHandler     : Starting...
2025-07-27T18:52:34.060+01:00  INFO 44829 --- [spring] [           main] o.s.m.s.b.SimpleBrokerMessageHandler     : BrokerAvailabilityEvent[available=true, SimpleBrokerMessageHandler [org.springframework.messaging.simp.broker.DefaultSubscriptionRegistry@66b98075]]
2025-07-27T18:52:34.061+01:00  INFO 44829 --- [spring] [           main] o.s.m.s.b.SimpleBrokerMessageHandler     : Started.
2025-07-27T18:52:34.078+01:00  INFO 44829 --- [spring] [           main] fr._42.spring.ApplicationTests           : Started ApplicationTests in 5.268 seconds (process running for 6.615)
]]></system-out>
  </testcase>
</testsuite>